"../../../../../../Users/5199272/Documents/Minimal-Project-master/Content/Cinematics/Sequences/Sequence/shots/shot0010/shot0010_001.uasset" 0
"../../../../../../Users/5199272/Documents/Minimal-Project-master/Content/Cinematics/Sequences/Sequence/shots/shot0020/shot0020_001.uasset" 1
"../../../../../../Users/5199272/Documents/Minimal-Project-master/Content/Cinematics/Sequences/Sequence/shots/shot0030/shot0030_001.uasset" 2
"../../../../../../Users/5199272/Documents/Minimal-Project-master/Content/Cinematics/Sequences/Sequence/shots/shot0040/shot0040_001.uasset" 3
"../../../../../../Users/5199272/Documents/Minimal-Project-master/Content/Cinematics/Sequences/Sequence/shots/shot0050/shot0050_001.uasset" 4
"../../../../../../Users/5199272/Documents/Minimal-Project-master/Content/Cinematics/Sequences/Sequence/SequenceMaster.uasset" 5
"../../../../../../Users/5199272/Documents/Minimal-Project-master/Content/Mouse_cusor/sprite_3.uasset" 6
"../../../../../../Users/5199272/Documents/Minimal-Project-master/Content/Mouse_cusor/Custom_cursor.uasset" 7
"../../../../../../Users/5199272/Documents/Minimal-Project-master/Content/Mouse_cusor/sprite_0.uasset" 8
"../../../../../../Users/5199272/Documents/Minimal-Project-master/Content/Mouse_cusor/Custom_cursor_grab.uasset" 9
"../../../../../../Users/5199272/Documents/Minimal-Project-master/Content/UI/Victory_Screen.uasset" 10
"../../../../../../Users/5199272/Documents/Minimal-Project-master/Content/UI/Images/Speech_booble-1_png.uasset" 11
"../../../../../../Users/5199272/Documents/Minimal-Project-master/Content/UI/Images/Text_Bubble.uasset" 12
"../../../Engine/Content/Animation/DefaultAnimCurveCompressionSettings.uasset" 13
"../../../Engine/Content/Functions/Engine_MaterialFunctions01/Opacity/CameraDepthFade.uasset" 14
"../../../Engine/Content/EngineMaterials/T_Default_Material_Grid_M.uasset" 15
"../../../Engine/Content/EngineMaterials/T_Default_Material_Grid_N.uasset" 16
"../../../Engine/Content/EngineMaterials/WorldGridMaterial.uasset" 17
"../../../Engine/Content/ArtTools/RenderToTexture/Meshes/S_1_Unit_Plane.uasset" 18
"../../../Engine/Content/EngineMaterials/DefaultMaterial.uasset" 19
"../../../Engine/Content/BasicShapes/Cone.uasset" 20
"../../../Engine/Content/BasicShapes/Cylinder.uasset" 21
"../../../Engine/Content/BasicShapes/Plane.uasset" 22
"../../../Engine/Content/BasicShapes/Sphere.uasset" 23
"../../../Engine/Content/EditorLandscapeResources/DataLayer.uasset" 24
"../../../Engine/Content/EditorMaterials/GizmoMaterial.uasset" 25
"../../../Engine/Content/EditorMaterials/MAT_Groups_Toggle.uasset" 26
"../../../Engine/Content/EditorMaterials/MAT_Groups_Visibility.uasset" 27
"../../../Engine/Content/EditorMaterials/PreviewShadowIndicator.uasset" 28
"../../../Engine/Content/EditorMaterials/PreviewShadowIndicatorMaterial.uasset" 29
"../../../Engine/Content/EditorMaterials/MatineeGroups/MAT_ColorTrack.uasset" 30
"../../../Engine/Content/EditorMaterials/MatineeGroups/MAT_Groups_Anim.uasset" 31
"../../../Engine/Content/EditorMaterials/MatineeGroups/MAT_Groups_AudioMaster.uasset" 32
"../../../Engine/Content/EditorMaterials/MatineeGroups/MAT_Groups_Director.uasset" 33
"../../../Engine/Content/EditorMaterials/MatineeGroups/MAT_Groups_Event.uasset" 34
"../../../Engine/Content/EditorMaterials/MatineeGroups/MAT_Groups_Fade.uasset" 35
"../../../Engine/Content/EditorMaterials/MatineeGroups/MAT_Groups_Float.uasset" 36
"../../../Engine/Content/EditorMaterials/MatineeGroups/MAT_Groups_Move.uasset" 37
"../../../Engine/Content/EditorMaterials/MatineeGroups/MAT_Groups_Slomo.uasset" 38
"../../../Engine/Content/EditorMaterials/MatineeGroups/MAT_Groups_Sound.uasset" 39
"../../../Engine/Content/EditorMaterials/MatineeGroups/MAT_Groups_Vector.uasset" 40
"../../../Engine/Content/EditorMaterials/ParticleSystems/PSysThumbnail_NoImage.uasset" 41
"../../../Engine/Content/EditorMaterials/ParticleSystems/PSysThumbnail_OOD.uasset" 42
"../../../Engine/Content/EditorMaterials/Camera/CineMat.uasset" 43
"../../../Engine/Content/EditorMaterials/Camera/MI_CineMat_Rig.uasset" 44
"../../../Engine/Content/EditorMeshes/Camera/SM_CraneRig_Arm.uasset" 45
"../../../Engine/Content/EditorMeshes/Camera/SM_CraneRig_Base.uasset" 46
"../../../Engine/Content/EditorMeshes/Camera/SM_CraneRig_Body.uasset" 47
"../../../Engine/Content/EditorMeshes/Camera/SM_CraneRig_Mount.uasset" 48
"../../../Engine/Content/EditorMeshes/Camera/SM_RailRig_Mount.uasset" 49
"../../../Engine/Content/EditorMeshes/Camera/SM_RailRig_Track.uasset" 50
"../../../Engine/Content/EditorResources/BSPVertex.uasset" 51
"../../../Engine/Content/EditorResources/EmptyActor.uasset" 52
"../../../Engine/Content/EditorResources/S_Actor.uasset" 53
"../../../Engine/Content/EditorResources/S_Note.uasset" 54
"../../../Engine/Content/EditorResources/S_Trigger.uasset" 55
"../../../Engine/Content/EditorResources/AudioIcons/S_AudioComponent.uasset" 56
"../../../Engine/Content/EditorResources/SequenceRecorder/Countdown.uasset" 57
"../../../Engine/Content/EditorResources/SequenceRecorder/RecordingIndicator.uasset" 58
"../../../Engine/Content/EditorSounds/Notifications/CompileFailed.uasset" 59
"../../../Engine/Content/EditorSounds/Notifications/CompileFailed_Cue.uasset" 60
"../../../Engine/Content/EditorSounds/Notifications/CompileSuccess.uasset" 61
"../../../Engine/Content/EditorSounds/Notifications/CompileStart_Cue.uasset" 62
"../../../Engine/Content/EditorSounds/Notifications/CompileSuccess_Cue.uasset" 63
"../../../Engine/Content/EngineDamageTypes/DmgTypeBP_Environmental.uasset" 64
"../../../Engine/Content/EngineDebugMaterials/HeatmapGradient.uasset" 65
"../../../Engine/Content/EngineDebugMaterials/BoneWeightMaterial.uasset" 66
"../../../Engine/Content/EngineDebugMaterials/ClothMaterial.uasset" 67
"../../../Engine/Content/EngineDebugMaterials/ClothMaterial_WF.uasset" 68
"../../../Engine/Content/EngineDebugMaterials/DebugEditorMaterial.uasset" 69
"../../../Engine/Content/EngineDebugMaterials/DebugMeshMaterial.uasset" 70
"../../../Engine/Content/EngineDebugMaterials/GeomMaterial.uasset" 71
"../../../Engine/Content/EngineDebugMaterials/M_SimpleTranslucent.uasset" 72
"../../../Engine/Content/EngineFonts/Faces/RobotoBold.uasset" 73
"../../../Engine/Content/EngineFonts/Faces/RobotoBoldItalic.uasset" 74
"../../../Engine/Content/EngineFonts/Faces/RobotoItalic.uasset" 75
"../../../Engine/Content/EngineFonts/Faces/RobotoLight.uasset" 76
"../../../Engine/Content/EngineFonts/Faces/RobotoRegular.uasset" 77
"../../../Engine/Content/EngineFonts/Roboto.uasset" 78
"../../../Engine/Content/EngineFonts/Faces/RobotoTiny.uasset" 79
"../../../Engine/Content/EngineFonts/RobotoTiny.uasset" 80
"../../../Engine/Content/EngineMaterials/BaseFlattenDiffuseMap.uasset" 81
"../../../Engine/Content/EngineMaterials/BaseFlattenEmissiveMap.uasset" 82
"../../../Engine/Content/EngineMaterials/BaseFlattenGrayscaleMap.uasset" 83
"../../../Engine/Content/EngineMaterials/BaseFlattenNormalMap.uasset" 84
"../../../Engine/Content/EngineMaterials/BaseFlattenMaterial.uasset" 85
"../../../Engine/Content/EngineMaterials/DefaultBloomKernel.uasset" 86
"../../../Engine/Content/EngineMaterials/DefaultBokeh.uasset" 87
"../../../Engine/Content/EngineMaterials/DefaultDiffuse.uasset" 88
"../../../Engine/Content/EngineMaterials/DefaultDeferredDecalMaterial.uasset" 89
"../../../Engine/Content/EngineMaterials/DefaultLightFunctionMaterial.uasset" 90
"../../../Engine/Content/EngineMaterials/DefaultPhysicalMaterial.uasset" 91
"../../../Engine/Content/Functions/Engine_MaterialFunctions02/Utility/BreakOutFloat2Components.uasset" 92
"../../../Engine/Content/EngineMaterials/DefaultPostProcessMaterial.uasset" 93
"../../../Engine/Content/EngineFonts/RobotoDistanceField.uasset" 94
"../../../Engine/Content/EngineMaterials/DefaultTextMaterialOpaque.uasset" 95
"../../../Engine/Content/EngineMaterials/DefaultWhiteGrid.uasset" 96
"../../../Engine/Content/EngineMaterials/EditorBrushMaterial.uasset" 97
"../../../Engine/Content/EngineMaterials/Good64x64TilingNoiseHighFreq.uasset" 98
"../../../Engine/Content/EngineMaterials/MiniFont.uasset" 99
"../../../Engine/Content/EngineMaterials/InvalidLightmapSettings.uasset" 100
"../../../Engine/Content/EngineMaterials/M_InvalidLightmapSettings.uasset" 101
"../../../Engine/Content/Functions/Engine_MaterialFunctions02/WorldPositionOffset/CameraOffset.uasset" 102
"../../../Engine/Content/EngineMaterials/PhAT_JointLimitMaterial.uasset" 103
"../../../Engine/Content/EngineMaterials/PreintegratedSkinBRDF.uasset" 104
"../../../Engine/Content/EngineMaterials/RemoveSurfaceMaterial.uasset" 105
"../../../Engine/Content/EngineMaterials/WeightMapPlaceholderTexture.uasset" 106
"../../../Engine/Content/EngineResources/WhiteSquareTexture.uasset" 107
"../../../Engine/Content/EngineMaterials/Widget3DPassThrough.uasset" 108
"../../../Engine/Content/EngineMaterials/Widget3DPassThrough_Masked.uasset" 109
"../../../Engine/Content/EngineMaterials/Widget3DPassThrough_Opaque.uasset" 110
"../../../Engine/Content/EngineMaterials/Widget3DPassThrough_Masked_OneSided.uasset" 111
"../../../Engine/Content/EngineMaterials/Widget3DPassThrough_Opaque_OneSided.uasset" 112
"../../../Engine/Content/EngineMaterials/Widget3DPassThrough_Translucent.uasset" 113
"../../../Engine/Content/EngineMaterials/Widget3DPassThrough_Translucent_OneSided.uasset" 114
"../../../Engine/Content/EngineMeshes/Cylinder.uasset" 115
"../../../Engine/Content/EngineMeshes/Sphere.uasset" 116
"../../../Engine/Content/EngineResources/Black.uasset" 117
"../../../Engine/Content/EngineResources/DefaultTexture.uasset" 118
"../../../Engine/Content/EngineResources/DefaultTextureCube.uasset" 119
"../../../Engine/Content/EngineResources/DefaultVolumeTexture2D.uasset" 120
"../../../Engine/Content/EngineResources/DefaultVolumeTexture.uasset" 121
"../../../Engine/Content/EngineResources/GradientTexture0.uasset" 122
"../../../Engine/Content/EngineSounds/Master.uasset" 123
"../../../Engine/Content/Functions/Engine_MaterialFunctions01/Shading/ConvertFromDiffSpec.uasset" 124
"../../../Engine/Content/Functions/Engine_MaterialFunctions01/Shading/PowerToRoughness.uasset" 125
"../../../Engine/Content/Maps/Templates/Thumbnails/Default.uasset" 126
"../../../Engine/Content/Maps/Templates/Thumbnails/VR-Basic.uasset" 127
"../../../Engine/Content/MobileResources/T_MobileControls_texture.uasset" 128
"../../../Engine/Content/MobileResources/T_MobileMenu2.uasset" 129
"../../../Engine/Content/MobileResources/HUD/AnalogHat.uasset" 130
"../../../Engine/Content/MobileResources/HUD/VirtualJoystick_Background.uasset" 131
"../../../Engine/Content/MobileResources/HUD/VirtualJoystick_Thumb.uasset" 132
"../../../Engine/Content/MobileResources/HUD/DefaultVirtualJoysticks.uasset" 133
"../../../Engine/Content/MobileResources/HUD/LeftVirtualJoystickOnly.uasset" 134
"../../../Engine/Content/MobileResources/HUD/MobileHUDButton1_off.uasset" 135
"../../../Engine/Content/MobileResources/HUD/MobileHUDButton1_on.uasset" 136
"../../../Engine/Content/MobileResources/HUD/MobileHUDButton2_off.uasset" 137
"../../../Engine/Content/MobileResources/HUD/MobileHUDButton2_on.uasset" 138
"../../../Engine/Content/MobileResources/HUD/MobileHUDButton3.uasset" 139
"../../../Engine/Content/MobileResources/HUD/MobileHUDButtonFire.uasset" 140
"../../../Engine/Content/MobileResources/HUD/MobileHUDDirectionPad.uasset" 141
"../../../Engine/Content/MobileResources/HUD/MobileHUDDirectionPad2.uasset" 142
"../../../Engine/Content/MobileResources/HUD/MobileHUDDirectionPad3.uasset" 143
"../../../Engine/Content/MobileResources/HUD/MobileHUDDirectionStick.uasset" 144
"../../../Engine/Content/MobileResources/HUD/T_Castle_ThumbstickInner.uasset" 145
"../../../Engine/Content/MobileResources/HUD/T_Castle_ThumbstickOutter.uasset" 146
"../../../Engine/Content/Tutorial/ContentIntroCurve.uasset" 147
"../../../Engine/Content/Tutorial/Basics/LevelEditorAttract.uasset" 148
"../../../Engine/Content/Tutorial/Basics/TutorialAssets/icon_tab_Levels_40x.uasset" 149
"../../../Engine/Content/Tutorial/Basics/LevelEditorOverview.uasset" 150
"../../../Engine/Content/Tutorial/BlueprintTutorials/TutorialAssets/Blueprint_64x.uasset" 151
"../../../Engine/Content/Tutorial/BlueprintTutorials/BlueprintEditorTutorial.uasset" 152
"../../../Engine/Content/VREditor/LaserPointer/VR_LaserPower_01.uasset" 153
"../../../Engine/Content/VREditor/TransformGizmo/TransformGizmoMaterial.uasset" 154
"../../../Engine/Content/VREditor/TransformGizmo/TranslucentTransformGizmoMaterial.uasset" 155
"../../../Engine/Content/VREditor/TransformGizmo/BoundingBoxCorner.uasset" 156
"../../../Engine/Content/VREditor/TransformGizmo/BoundingBoxEdge.uasset" 157
"../../../Engine/Content/VREditor/TransformGizmo/PlaneTranslationHandle.uasset" 158
"../../../Engine/Content/VREditor/TransformGizmo/Main.uasset" 159
"../../../Engine/Content/VREditor/TransformGizmo/Xray.uasset" 160
"../../../Engine/Content/VREditor/TransformGizmo/SM_Sequencer_Key.uasset" 161
"../../../Engine/Content/VREditor/TransformGizmo/SM_Sequencer_Node.uasset" 162
"../../Plugins/2D/Paper2D/Content/PlaceholderTextures/DummySpriteTexture.uasset" 163
"../../Plugins/2D/Paper2D/Content/DummySprite.uasset" 164
"../../Plugins/2D/Paper2D/Content/DefaultPaperTerrainMaterial.uasset" 165
"../../Plugins/2D/Paper2D/Content/DummySpriteTexture.uasset" 166
"../../Plugins/2D/Paper2D/Content/DefaultSpriteMaterial.uasset" 167
"../../Plugins/2D/Paper2D/Content/MaskedUnlitSpriteMaterial.uasset" 168
"../../Plugins/2D/Paper2D/Content/OpaqueUnlitSpriteMaterial.uasset" 169
"../../Plugins/Runtime/Oculus/OculusVR/Content/OculusMR_RenderTarget.uasset" 170
"../../../Engine/Content/Functions/Engine_MaterialFunctions02/Utility/BreakOutFloat4Components.uasset" 171
"../../../Engine/Content/Functions/Engine_MaterialFunctions02/Utility/MakeFloat2.uasset" 172
"../../../Engine/Content/Functions/Engine_MaterialFunctions02/Utility/MakeFloat3.uasset" 173
"../../Plugins/Runtime/Oculus/OculusVR/Content/Materials/OculusMR_ChromaKey.uasset" 174
"../../Plugins/Runtime/Oculus/OculusVR/Content/Materials/OculusMR_ChromaKey_Lit.uasset" 175
"../../Plugins/Runtime/Oculus/OculusVR/Content/Materials/OculusMR_OpaqueColoredMaterial.uasset" 176
"../../Plugins/Runtime/Oculus/OculusVR/Content/Materials/OculusMR_WhiteMaterial.uasset" 177
"../../Plugins/Runtime/Oculus/OculusVR/Content/Materials/PokeAHoleMaterial.uasset" 178
"../../Plugins/Runtime/Oculus/OculusVR/Content/Textures/GearVRController_AO.uasset" 179
"../../Plugins/Runtime/Oculus/OculusVR/Content/Textures/GearVRController_Color.uasset" 180
"../../Plugins/Runtime/Oculus/OculusVR/Content/Textures/GearVRController_Normal.uasset" 181
"../../Plugins/Runtime/Oculus/OculusVR/Content/Materials/GearVRControllerMaterial.uasset" 182
"../../Plugins/Runtime/Oculus/OculusVR/Content/Meshes/GearVrController.uasset" 183
"../../Plugins/Runtime/Oculus/OculusVR/Content/Textures/touchController_albedo.uasset" 184
"../../Plugins/Runtime/Oculus/OculusVR/Content/Textures/touchController_controlmap.uasset" 185
"../../Plugins/Runtime/Oculus/OculusVR/Content/Materials/touchController_mat.uasset" 186
"../../Plugins/Runtime/Oculus/OculusVR/Content/Meshes/LeftTouchController.uasset" 187
"../../Plugins/Runtime/Oculus/OculusVR/Content/Meshes/RiftHMD.uasset" 188
"../../Plugins/Runtime/Oculus/OculusVR/Content/Meshes/RightTouchController.uasset" 189
"../../../../../../Users/5199272/Documents/Minimal-Project-master/Content/sittingdude/sitting_dude_Skeleton.uasset" 190
"../../../../../../Users/5199272/Documents/Minimal-Project-master/Content/sittingdude/sitting_dude_Anim_hand__L_Ik_Shirt.uasset" 191
"../../../Engine/Content/EditorBlueprintResources/StandardMacros.uasset" 192
"../../../../../../Users/5199272/Documents/Minimal-Project-master/Content/UI/Interaction_I.uasset" 193
"../../../../../../Users/5199272/Documents/Minimal-Project-master/Content/Audio/bensound-thejazzpiano.uasset" 194
"../../../../../../Users/5199272/Documents/Minimal-Project-master/Content/Audio/bensound-thejazzpiano_Cue.uasset" 195
"../../../../../../Users/5199272/Documents/Minimal-Project-master/Content/Models/Radio/Material.uasset" 196
"../../../../../../Users/5199272/Documents/Minimal-Project-master/Content/Models/Radio/Material_001.uasset" 197
"../../../../../../Users/5199272/Documents/Minimal-Project-master/Content/Models/Radio/Material_002.uasset" 198
"../../../../../../Users/5199272/Documents/Minimal-Project-master/Content/Models/Radio/Material_005.uasset" 199
"../../../../../../Users/5199272/Documents/Minimal-Project-master/Content/Models/Radio/Radio.uasset" 200
"../../../../../../Users/5199272/Documents/Minimal-Project-master/Content/Blueprints/BP_Radio.uasset" 201
"../../../../../../Users/5199272/Documents/Minimal-Project-master/Content/Blueprints/Enum_camera.uasset" 202
"../../../../../../Users/5199272/Documents/Minimal-Project-master/Content/UI/Camera_Trigger.uasset" 203
"../../../../../../Users/5199272/Documents/Minimal-Project-master/Content/Fonts/AldotheApache.uasset" 204
"../../../../../../Users/5199272/Documents/Minimal-Project-master/Content/Fonts/AldotheApache_Font.uasset" 205
"../../../../../../Users/5199272/Documents/Minimal-Project-master/Content/UI/Tutorial_Widgets/Shelf_Tut.uasset" 206
"../../../../../../Users/5199272/Documents/Minimal-Project-master/Content/UI/Main_Cam_select.uasset" 207
"../../../../../../Users/5199272/Documents/Minimal-Project-master/Content/Fonts/Elegant_Sans_Bold.uasset" 208
"../../../../../../Users/5199272/Documents/Minimal-Project-master/Content/Fonts/Elegant_Sans_Bold_Font.uasset" 209
"../../../../../../Users/5199272/Documents/Minimal-Project-master/Content/UI/Images/Box.uasset" 210
"../../../../../../Users/5199272/Documents/Minimal-Project-master/Content/UI/Main_menu.uasset" 211
"../../../../../../Users/5199272/Documents/Minimal-Project-master/Content/UI/Camera_Position.uasset" 212
"../../../../../../Users/5199272/Documents/Minimal-Project-master/Content/UI/Images/Arrow.uasset" 213
"../../../../../../Users/5199272/Documents/Minimal-Project-master/Content/UI/Images/Book.uasset" 214
"../../../../../../Users/5199272/Documents/Minimal-Project-master/Content/UI/Book_Opened.uasset" 215
"../../../../../../Users/5199272/Documents/Minimal-Project-master/Content/UI/Book_interaction.uasset" 216
"../../../../../../Users/5199272/Documents/Minimal-Project-master/Content/Audio/lego-yoda-death-sound-effect.uasset" 217
"../../../../../../Users/5199272/Documents/Minimal-Project-master/Content/Audio/media_io_0477.uasset" 218
"../../../../../../Users/5199272/Documents/Minimal-Project-master/Content/Audio/Wilhelm_Scream.uasset" 219
"../../../../../../Users/5199272/Documents/Minimal-Project-master/Content/Models/Plant/Material_001.uasset" 220
"../../../../../../Users/5199272/Documents/Minimal-Project-master/Content/Models/Plant/Material_002.uasset" 221
"../../../../../../Users/5199272/Documents/Minimal-Project-master/Content/Models/Plant/Material_003.uasset" 222
"../../../../../../Users/5199272/Documents/Minimal-Project-master/Content/Models/Plant/Material_004.uasset" 223
"../../../../../../Users/5199272/Documents/Minimal-Project-master/Content/Models/Plant/Plant.uasset" 224
"../../../../../../Users/5199272/Documents/Minimal-Project-master/Content/Blueprints/BP_Cactus.uasset" 225
"../../../../../../Users/5199272/Documents/Minimal-Project-master/Content/Models/Chair/Material_001.uasset" 226
"../../../../../../Users/5199272/Documents/Minimal-Project-master/Content/Models/Chair/Material_002.uasset" 227
"../../../../../../Users/5199272/Documents/Minimal-Project-master/Content/Models/Chair/Material_006.uasset" 228
"../../../../../../Users/5199272/Documents/Minimal-Project-master/Content/Models/Chair/Chair.uasset" 229
"../../../../../../Users/5199272/Documents/Minimal-Project-master/Content/Blueprints/BP_Chair.uasset" 230
"../../../../../../Users/5199272/Documents/Minimal-Project-master/Content/Models/Computer/Material_002.uasset" 231
"../../../../../../Users/5199272/Documents/Minimal-Project-master/Content/Models/Computer/Material_001.uasset" 232
"../../../../../../Users/5199272/Documents/Minimal-Project-master/Content/Models/Computer/Material_003.uasset" 233
"../../../../../../Users/5199272/Documents/Minimal-Project-master/Content/Models/Computer/Computer.uasset" 234
"../../../../../../Users/5199272/Documents/Minimal-Project-master/Content/Blueprints/BP_Computer.uasset" 235
"../../../../../../Users/5199272/Documents/Minimal-Project-master/Content/Models/Desk/Material.uasset" 236
"../../../../../../Users/5199272/Documents/Minimal-Project-master/Content/Models/Desk/Material_002.uasset" 237
"../../../../../../Users/5199272/Documents/Minimal-Project-master/Content/Models/Desk/Material_003.uasset" 238
"../../../../../../Users/5199272/Documents/Minimal-Project-master/Content/Models/Desk/Desk.uasset" 239
"../../../../../../Users/5199272/Documents/Minimal-Project-master/Content/Blueprints/BP_Desk.uasset" 240
"../../../../../../Users/5199272/Documents/Minimal-Project-master/Content/Audio/Duck.uasset" 241
"../../../../../../Users/5199272/Documents/Minimal-Project-master/Content/Audio/Duck_Cue.uasset" 242
"../../../../../../Users/5199272/Documents/Minimal-Project-master/Content/Models/Duck/Material_001.uasset" 243
"../../../../../../Users/5199272/Documents/Minimal-Project-master/Content/Models/Duck/Material_002.uasset" 244
"../../../../../../Users/5199272/Documents/Minimal-Project-master/Content/Models/Duck/Material_003.uasset" 245
"../../../../../../Users/5199272/Documents/Minimal-Project-master/Content/Models/Duck/Duck.uasset" 246
"../../../../../../Users/5199272/Documents/Minimal-Project-master/Content/Blueprints/BP_Duck.uasset" 247
"../../../../../../Users/5199272/Documents/Minimal-Project-master/Content/Models/Files/Material_001.uasset" 248
"../../../../../../Users/5199272/Documents/Minimal-Project-master/Content/Models/Files/Material_002.uasset" 249
"../../../../../../Users/5199272/Documents/Minimal-Project-master/Content/Models/Files/Material_003.uasset" 250
"../../../../../../Users/5199272/Documents/Minimal-Project-master/Content/Models/Files/File.uasset" 251
"../../../../../../Users/5199272/Documents/Minimal-Project-master/Content/UI/Images/File.uasset" 252
"../../../../../../Users/5199272/Documents/Minimal-Project-master/Content/UI/Files_Opened.uasset" 253
"../../../../../../Users/5199272/Documents/Minimal-Project-master/Content/Blueprints/BP_Files.uasset" 254
"../../../../../../Users/5199272/Documents/Minimal-Project-master/Content/Models/Lamp/Material_003.uasset" 255
"../../../../../../Users/5199272/Documents/Minimal-Project-master/Content/Models/Lamp/Material_001.uasset" 256
"../../../../../../Users/5199272/Documents/Minimal-Project-master/Content/Models/Lamp/Material_002.uasset" 257
"../../../../../../Users/5199272/Documents/Minimal-Project-master/Content/Models/Lamp/Lamp.uasset" 258
"../../../../../../Users/5199272/Documents/Minimal-Project-master/Content/Blueprints/BP_Lamp.uasset" 259
"../../../../../../Users/5199272/Documents/Minimal-Project-master/Content/Models/Pills_here/Material_004.uasset" 260
"../../../../../../Users/5199272/Documents/Minimal-Project-master/Content/UI/Meds_Widget.uasset" 261
"../../../../../../Users/5199272/Documents/Minimal-Project-master/Content/Models/Pills_here/Material_005.uasset" 262
"../../../../../../Users/5199272/Documents/Minimal-Project-master/Content/Models/Pills_here/Material_006.uasset" 263
"../../../../../../Users/5199272/Documents/Minimal-Project-master/Content/Models/Pills_here/Pill_Bottle_2.uasset" 264
"../../../../../../Users/5199272/Documents/Minimal-Project-master/Content/Picture/Untitled.uasset" 265
"../../../../../../Users/5199272/Documents/Minimal-Project-master/Content/UI/Game_Over.uasset" 266
"../../../../../../Users/5199272/Documents/Minimal-Project-master/Content/Blueprints/BP_MedBottle.uasset" 267
"../../../../../../Users/5199272/Documents/Minimal-Project-master/Content/Models/Pills_here/Material_001.uasset" 268
"../../../../../../Users/5199272/Documents/Minimal-Project-master/Content/Models/Pills_here/Material_002.uasset" 269
"../../../../../../Users/5199272/Documents/Minimal-Project-master/Content/Models/Pills_here/Material_003.uasset" 270
"../../../../../../Users/5199272/Documents/Minimal-Project-master/Content/Models/Pills_here/Pill_Bottle_1.uasset" 271
"../../../../../../Users/5199272/Documents/Minimal-Project-master/Content/Blueprints/BP_MedBottle2.uasset" 272
"../../../../../../Users/5199272/Documents/Minimal-Project-master/Content/Models/Pills_here/Material_007.uasset" 273
"../../../../../../Users/5199272/Documents/Minimal-Project-master/Content/Models/Pills_here/Pill_Bottle_3.uasset" 274
"../../../../../../Users/5199272/Documents/Minimal-Project-master/Content/Blueprints/BP_MedBottle3.uasset" 275
"../../../../../../Users/5199272/Documents/Minimal-Project-master/Content/Models/Pills_here/Material_2.uasset" 276
"../../../../../../Users/5199272/Documents/Minimal-Project-master/Content/Models/Pills_here/Pill_Bottle_4.uasset" 277
"../../../../../../Users/5199272/Documents/Minimal-Project-master/Content/Blueprints/BP_MedBottle4.uasset" 278
"../../../../../../Users/5199272/Documents/Minimal-Project-master/Content/Picture/Well_done.uasset" 279
"../../../../../../Users/5199272/Documents/Minimal-Project-master/Content/Picture/Well_Dones.uasset" 280
"../../../../../../Users/5199272/Documents/Minimal-Project-master/Content/Blueprints/BP_MedBottle5.uasset" 281
"../../../../../../Users/5199272/Documents/Minimal-Project-master/Content/Models/Cup/Material_003.uasset" 282
"../../../../../../Users/5199272/Documents/Minimal-Project-master/Content/Models/Cup/Material_004.uasset" 283
"../../../../../../Users/5199272/Documents/Minimal-Project-master/Content/Models/Cup/Material_005.uasset" 284
"../../../../../../Users/5199272/Documents/Minimal-Project-master/Content/Models/Cup/Material_006.uasset" 285
"../../../../../../Users/5199272/Documents/Minimal-Project-master/Content/Models/Cup/Material_007.uasset" 286
"../../../../../../Users/5199272/Documents/Minimal-Project-master/Content/Models/Cup/Cup_Cylinder_001.uasset" 287
"../../../../../../Users/5199272/Documents/Minimal-Project-master/Content/Blueprints/BP_Pencil.uasset" 288
"../../../../../../Users/5199272/Documents/Minimal-Project-master/Content/Models/Pictures/Picture_2/Material.uasset" 289
"../../../../../../Users/5199272/Documents/Minimal-Project-master/Content/Models/Pictures/Picture_2/latest.uasset" 290
"../../../../../../Users/5199272/Documents/Minimal-Project-master/Content/Models/Pictures/Picture_2/Material_002.uasset" 291
"../../../../../../Users/5199272/Documents/Minimal-Project-master/Content/Models/Pictures/Picture_2/Picture_2.uasset" 292
"../../../../../../Users/5199272/Documents/Minimal-Project-master/Content/Blueprints/BP_Picture.uasset" 293
"../../../../../../Users/5199272/Documents/Minimal-Project-master/Content/Blueprints/WBP_Tut.uasset" 294
"../../../../../../Users/5199272/Documents/Minimal-Project-master/Content/Blueprints/BP_Tut.uasset" 295
"../../../../../../Users/5199272/Documents/Minimal-Project-master/Content/Blueprints/PHEGM.uasset" 296
"../../../../../../Users/5199272/Documents/Minimal-Project-master/Content/Blueprints/Material_009.uasset" 297
"../../../../../../Users/5199272/Documents/Minimal-Project-master/Content/Blueprints/Material_010.uasset" 298
"../../../../../../Users/5199272/Documents/Minimal-Project-master/Content/Blueprints/Material_011.uasset" 299
"../../../../../../Users/5199272/Documents/Minimal-Project-master/Content/Blueprints/Material_012.uasset" 300
"../../../../../../Users/5199272/Documents/Minimal-Project-master/Content/Blueprints/Material_013.uasset" 301
"../../../../../../Users/5199272/Documents/Minimal-Project-master/Content/Blueprints/Material_014.uasset" 302
"../../../../../../Users/5199272/Documents/Minimal-Project-master/Content/Blueprints/sitting_dude_PhysicsAsset.uasset" 303
"../../../../../../Users/5199272/Documents/Minimal-Project-master/Content/Blueprints/sitting_dude_Skeleton.uasset" 304
"../../../../../../Users/5199272/Documents/Minimal-Project-master/Content/Blueprints/sitting_dude.uasset" 305
"../../../../../../Users/5199272/Documents/Minimal-Project-master/Content/Blueprints/Tests/Patient_dialogue_Test.uasset" 306
"../../../../../../Users/5199272/Documents/Minimal-Project-master/Content/Blueprints/Tests/Patient_Test.uasset" 307
"../../../../../../Users/5199272/Documents/Minimal-Project-master/Content/Level_1_BuiltData.uasset" 308
"../../../../../../Users/5199272/Documents/Minimal-Project-master/Content/Models/Room/Material_001.uasset" 309
"../../../../../../Users/5199272/Documents/Minimal-Project-master/Content/Models/Room/Material_003.uasset" 310
"../../../Engine/Content/Functions/Engine_MaterialFunctions01/Gradient/LinearGradient.uasset" 311
"../../../Engine/Content/Functions/Engine_MaterialFunctions01/ImageAdjustment/CheapContrast.uasset" 312
"../../../Engine/Content/Functions/Engine_MaterialFunctions01/ImageAdjustment/SCurve.uasset" 313
"../../../Engine/Content/MapTemplates/TilingNoise05.uasset" 314
"../../../Engine/Content/Functions/Engine_MaterialFunctions01/Texturing/TriplanarCameraVector.uasset" 315
"../../../Engine/Content/Functions/Engine_MaterialFunctions02/Math/AddComponents.uasset" 316
"../../../Engine/Content/Functions/Engine_MaterialFunctions02/Texturing/WorldPositionWithScale.uasset" 317
"../../../Engine/Content/Functions/Engine_MaterialFunctions02/Utility/BreakOutFloat3Components.uasset" 318
"../../../Engine/Content/Functions/Engine_MaterialFunctions02/Utility/Sign.uasset" 319
"../../../Engine/Content/Functions/Engine_MaterialFunctions02/Utility/Round.uasset" 320
"../../../Engine/Content/EngineMaterials/BlendFunc_DefBase.uasset" 321
"../../../Engine/Content/EngineMaterials/BlendFunc_DefBlend.uasset" 322
"../../../Engine/Content/Functions/Engine_MaterialFunctions03/Blends/Blend_Difference.uasset" 323
"../../../../../../Users/5199272/Documents/Minimal-Project-master/Content/AdvancedCelShader/CelShader/MaterialFunctions/Posterize.uasset" 324
"../../../../../../Users/5199272/Documents/Minimal-Project-master/Content/AdvancedCelShader/CelShader/MaterialFunctions/CelPosterize.uasset" 325
"../../../../../../Users/5199272/Documents/Minimal-Project-master/Content/AdvancedCelShader/CelShader/MaterialFunctions/CustomBlur1.uasset" 326
"../../../../../../Users/5199272/Documents/Minimal-Project-master/Content/AdvancedCelShader/CelShader/MaterialFunctions/CustomBlur2.uasset" 327
"../../../../../../Users/5199272/Documents/Minimal-Project-master/Content/AdvancedCelShader/CelShader/MaterialFunctions/DepthMask.uasset" 328
"../../../../../../Users/5199272/Documents/Minimal-Project-master/Content/AdvancedCelShader/CelShader/MaterialFunctions/EdgeDetectColour.uasset" 329
"../../../../../../Users/5199272/Documents/Minimal-Project-master/Content/AdvancedCelShader/CelShader/MaterialFunctions/EdgeDetectDepth.uasset" 330
"../../../../../../Users/5199272/Documents/Minimal-Project-master/Content/AdvancedCelShader/CelShader/MaterialFunctions/InnerShadow.uasset" 331
"../../../../../../Users/5199272/Documents/Minimal-Project-master/Content/AdvancedCelShader/CelShader/MaterialFunctions/MaskSky.uasset" 332
"../../../../../../Users/5199272/Documents/Minimal-Project-master/Content/AdvancedCelShader/CelShader/MaterialFunctions/OuterShadow.uasset" 333
"../../../../../../Users/5199272/Documents/Minimal-Project-master/Content/AdvancedCelShader/CelShader/MaterialFunctions/PixellateUVs.uasset" 334
"../../../../../../Users/5199272/Documents/Minimal-Project-master/Content/AdvancedCelShader/CelShader/MaterialFunctions/SkyMask.uasset" 335
"../../../../../../Users/5199272/Documents/Minimal-Project-master/Content/AdvancedCelShader/CelShader/MaterialFunctions/Slider.uasset" 336
"../../../../../../Users/5199272/Documents/Minimal-Project-master/Content/AdvancedCelShader/CelShader/Textures/PrintDots.uasset" 337
"../../../../../../Users/5199272/Documents/Minimal-Project-master/Content/AdvancedCelShader/CelShader/Textures/sketch_mask_2.uasset" 338
"../../../../../../Users/5199272/Documents/Minimal-Project-master/Content/AdvancedCelShader/CelShader/Textures/spatter.uasset" 339
"../../../../../../Users/5199272/Documents/Minimal-Project-master/Content/AdvancedCelShader/CelShader/Textures/watercolour_texture.uasset" 340
"../../../../../../Users/5199272/Documents/Minimal-Project-master/Content/AdvancedCelShader/CelShader/Materials/CelShader.uasset" 341
"../../../../../../Users/5199272/Documents/Minimal-Project-master/Content/AdvancedCelShader/CelShader/Presets/CelShader80sCartoon.uasset" 342
"../../../Engine/Content/BasicShapes/Cube.uasset" 343
"../../../../../../Users/5199272/Documents/Minimal-Project-master/Content/Models/Books/Material.uasset" 344
"../../../../../../Users/5199272/Documents/Minimal-Project-master/Content/Models/Books/Material_001.uasset" 345
"../../../../../../Users/5199272/Documents/Minimal-Project-master/Content/Models/Books/Material_002.uasset" 346
"../../../../../../Users/5199272/Documents/Minimal-Project-master/Content/Models/Books/Material_009.uasset" 347
"../../../../../../Users/5199272/Documents/Minimal-Project-master/Content/Models/Books/Material_010.uasset" 348
"../../../../../../Users/5199272/Documents/Minimal-Project-master/Content/Models/Books/Book_Shelf.uasset" 349
"../../../../../../Users/5199272/Documents/Minimal-Project-master/Content/Models/Books/Book_Shelf2/Material_001.uasset" 350
"../../../../../../Users/5199272/Documents/Minimal-Project-master/Content/Models/Books/Book_Shelf2/Material_002.uasset" 351
"../../../../../../Users/5199272/Documents/Minimal-Project-master/Content/Models/Books/Book_Shelf2/Material_009.uasset" 352
"../../../../../../Users/5199272/Documents/Minimal-Project-master/Content/Models/Books/Book_Shelf2/Material_010.uasset" 353
"../../../../../../Users/5199272/Documents/Minimal-Project-master/Content/Models/Books/Book_Shelf2/Book_Shelf_2.uasset" 354
"../../../../../../Users/5199272/Documents/Minimal-Project-master/Content/Models/Clock/Material_001.uasset" 355
"../../../../../../Users/5199272/Documents/Minimal-Project-master/Content/Models/Clock/QXA701K.uasset" 356
"../../../../../../Users/5199272/Documents/Minimal-Project-master/Content/Models/Clock/Material_002.uasset" 357
"../../../../../../Users/5199272/Documents/Minimal-Project-master/Content/Models/Clock/Clock.uasset" 358
"../../../../../../Users/5199272/Documents/Minimal-Project-master/Content/Models/Cup/Material.uasset" 359
"../../../../../../Users/5199272/Documents/Minimal-Project-master/Content/Models/Cup/Material_001.uasset" 360
"../../../../../../Users/5199272/Documents/Minimal-Project-master/Content/Models/Cup/stf_small_600x600-pad_750x1000_f8f8f8.uasset" 361
"../../../../../../Users/5199272/Documents/Minimal-Project-master/Content/Models/Cup/Material_002.uasset" 362
"../../../../../../Users/5199272/Documents/Minimal-Project-master/Content/Models/Cup/Cup_Torus.uasset" 363
"../../../../../../Users/5199272/Documents/Minimal-Project-master/Content/Models/Patient_Chair/Material_001.uasset" 364
"../../../../../../Users/5199272/Documents/Minimal-Project-master/Content/Models/Patient_Chair/Material_002.uasset" 365
"../../../../../../Users/5199272/Documents/Minimal-Project-master/Content/Models/Patient_Chair/Material_003.uasset" 366
"../../../../../../Users/5199272/Documents/Minimal-Project-master/Content/Models/Patient_Chair/Patient_Chair.uasset" 367
"../../../../../../Users/5199272/Documents/Minimal-Project-master/Content/Models/Room/Material_004.uasset" 368
"../../../../../../Users/5199272/Documents/Minimal-Project-master/Content/Models/Room/Material_005.uasset" 369
"../../../../../../Users/5199272/Documents/Minimal-Project-master/Content/Models/Room/Material_006.uasset" 370
"../../../../../../Users/5199272/Documents/Minimal-Project-master/Content/Models/Room/Material_007.uasset" 371
"../../../../../../Users/5199272/Documents/Minimal-Project-master/Content/Models/Room/Material_008.uasset" 372
"../../../../../../Users/5199272/Documents/Minimal-Project-master/Content/Models/Room/Room.uasset" 373
"../../../../../../Users/5199272/Documents/Minimal-Project-master/Content/sittingdude/Material_009.uasset" 374
"../../../../../../Users/5199272/Documents/Minimal-Project-master/Content/sittingdude/Material_010.uasset" 375
"../../../../../../Users/5199272/Documents/Minimal-Project-master/Content/sittingdude/Material_011.uasset" 376
"../../../../../../Users/5199272/Documents/Minimal-Project-master/Content/sittingdude/Material_012.uasset" 377
"../../../../../../Users/5199272/Documents/Minimal-Project-master/Content/sittingdude/Material_013.uasset" 378
"../../../../../../Users/5199272/Documents/Minimal-Project-master/Content/sittingdude/Material_014.uasset" 379
"../../../../../../Users/5199272/Documents/Minimal-Project-master/Content/sittingdude/sitting_dude_PhysicsAsset.uasset" 380
"../../../../../../Users/5199272/Documents/Minimal-Project-master/Content/sittingdude/sitting_dude.uasset" 381
"../../../../../../Users/5199272/Documents/Minimal-Project-master/Content/Level_1.umap" 382
